Express server listening on port 3000
<testsuite name="Mocha Tests" tests="25" failures="0" errors="0" skipped="0" timestamp="Sun, 17 Apr 2016 04:44:05 GMT" time="0.045">
<testcase classname="Booking Tests" name="Booking Dummy Test" time="0.001"/>
<testcase classname="Booking Tests" name="A server should respond with status 200 on /api/booking GET" time="0"/>
<testcase classname="Booking Tests" name="A server should respond with JSON Object on /api/booking GET" time="0"/>
<testcase classname="Booking Tests" name="A booking should contain _id on /api/booking GET" time="0"/>
<testcase classname="Booking Tests" name="A booking should contain startTime on /api/booking GET" time="0"/>
<testcase classname="Booking Tests" name="A booking should contain endTime on /api/booking GET" time="0"/>
<testcase classname="Booking Tests" name="A booking should contain purpose on /api/booking GET" time="0"/>
<testcase classname="Booking Tests" name="A booking should contain status on /api/booking GET" time="0"/>
<testcase classname="Booking Tests" name="A booking should contain priority on /api/booking GET" time="0"/>
<testcase classname="Booking Tests" name="A booking should contain createDate on /api/booking GET" time="0"/>
<testcase classname="Booking Tests" name="A booking should contain room on /api/booking GET" time="0"/>
<testcase classname="Booking Tests" name="A booking should contain requestor on /api/booking GET" time="0"/>
<testcase classname="Booking Tests" name="A response on Booking on api/booking POST should contain purpose" time="0"/>
<testcase classname="Booking Tests" name="A response on Booking on api/booking POST should contain startDate" time="0"/>
<testcase classname="Booking Tests" name="A response on Booking on api/booking POST should contain endDate" time="0"/>
<testcase classname="Booking Tests" name="A response on Booking on api/booking POST should contain startTime" time="0"/>
<testcase classname="Booking Tests" name="A response on Booking on api/booking POST should contain endTime" time="0"/>
<testcase classname="Booking Tests" name="A response on Booking on api/booking POST should contain requestor.email" time="0"/>
<testcase classname="Booking Tests" name="A response on Booking on api/booking POST should contain requestor.roomNumber" time="0"/>
<testcase classname="Space Tests" name="Space Test GET - should return JSON" time="0"/>
<testcase classname="Space Tests" name="Space Test GET - should return status code 200" time="0"/>
<testcase classname="Space Tests" name="Space Test GET - should return JSON with all fields in Space Schema" time="0"/>
<testcase classname="Space Tests" name="Space Test POST - should return JSON with new Space added" time="0"/>
<testcase classname="Space Tests" name="Space Test PUT - response should be JSON with updated Space" time="0"/>
<testcase classname="Space Tests" name="Space Test DELETE - response should be JSON with delete message" time="0"/>
</testsuite>
