Express server listening on port 3000
Called 
Looking for room number : 111
Can't  find room!!!
Error while saving n booking records: Room 111 not found in the database
<testsuite name="Mocha Tests" tests="1" failures="0" errors="0" skipped="0" timestamp="Sat, 26 Mar 2016 23:57:36 GMT" time="0.057">
<testcase classname="Booking Tests" name="A Booking should be made on api/booking/ POST" time="0.04"/>
</testsuite>
