<testsuite name="Mocha Tests" tests="1" failures="0" errors="0" skipped="0" timestamp="Sun, 13 Mar 2016 20:32:13 GMT" time="0.03">
<testcase classname="Booking Tests" name="A server should respond with status 200 on /api/booking GET" time="0.026"/>
</testsuite>
