Express server listening on port 3000
<testsuite name="Mocha Tests" tests="13" failures="11" errors="11" skipped="0" timestamp="Thu, 07 Apr 2016 01:27:23 GMT" time="22.083">
<testcase classname="Booking Tests" name="Booking Dummy Test" time="0.001"/>
<testcase classname="Booking Tests" name="A server should respond with status 200 on /api/booking GET" time="0"/>
<testcase classname="Booking Tests" name="A server should respond with JSON Object on /api/booking GET" time="2.005"><failure><![CDATA[timeout of 2000ms exceeded. Ensure the done() callback is being called in this test.
Error: timeout of 2000ms exceeded. Ensure the done() callback is being called in this test.]]></failure></testcase>
<testcase classname="Booking Tests" name="A booking should contain _id" time="2.006"><failure><![CDATA[timeout of 2000ms exceeded. Ensure the done() callback is being called in this test.
Error: timeout of 2000ms exceeded. Ensure the done() callback is being called in this test.]]></failure></testcase>
<testcase classname="Booking Tests" name="A booking should contain startTime" time="2.001"><failure><![CDATA[timeout of 2000ms exceeded. Ensure the done() callback is being called in this test.
Error: timeout of 2000ms exceeded. Ensure the done() callback is being called in this test.]]></failure></testcase>
<testcase classname="Booking Tests" name="A booking should contain endTime" time="2.005"><failure><![CDATA[timeout of 2000ms exceeded. Ensure the done() callback is being called in this test.
Error: timeout of 2000ms exceeded. Ensure the done() callback is being called in this test.]]></failure></testcase>
<testcase classname="Booking Tests" name="A booking should contain purpose" time="2.004"><failure><![CDATA[timeout of 2000ms exceeded. Ensure the done() callback is being called in this test.
Error: timeout of 2000ms exceeded. Ensure the done() callback is being called in this test.]]></failure></testcase>
<testcase classname="Booking Tests" name="A booking should contain status" time="2.001"><failure><![CDATA[timeout of 2000ms exceeded. Ensure the done() callback is being called in this test.
Error: timeout of 2000ms exceeded. Ensure the done() callback is being called in this test.]]></failure></testcase>
<testcase classname="Booking Tests" name="A booking should contain priority" time="2.006"><failure><![CDATA[timeout of 2000ms exceeded. Ensure the done() callback is being called in this test.
Error: timeout of 2000ms exceeded. Ensure the done() callback is being called in this test.]]></failure></testcase>
<testcase classname="Booking Tests" name="A booking should contain createDate" time="2.005"><failure><![CDATA[timeout of 2000ms exceeded. Ensure the done() callback is being called in this test.
Error: timeout of 2000ms exceeded. Ensure the done() callback is being called in this test.]]></failure></testcase>
<testcase classname="Booking Tests" name="A booking should contain room " time="2.004"><failure><![CDATA[timeout of 2000ms exceeded. Ensure the done() callback is being called in this test.
Error: timeout of 2000ms exceeded. Ensure the done() callback is being called in this test.]]></failure></testcase>
<testcase classname="Booking Tests" name="A booking should contain requestor" time="2.003"><failure><![CDATA[timeout of 2000ms exceeded. Ensure the done() callback is being called in this test.
Error: timeout of 2000ms exceeded. Ensure the done() callback is being called in this test.]]></failure></testcase>
<testcase classname="Booking Tests" name="A Booking should be made on api/booking/ POST" time="2.004"><failure><![CDATA[timeout of 2000ms exceeded. Ensure the done() callback is being called in this test.
Error: timeout of 2000ms exceeded. Ensure the done() callback is being called in this test.]]></failure></testcase>
</testsuite>
