<testsuite name="Mocha Tests" tests="4" failures="0" errors="0" skipped="0" timestamp="Wed, 16 Mar 2016 04:30:03 GMT" time="0.041">
<testcase classname="Booking Tests" name="Pass" time="0"/>
<testcase classname="Booking Tests" name="A server should respond with status 200 on /api/booking GET" time="0.006"/>
<testcase classname="Booking Tests" name="A server should respond with JSON Object on /api/booking GET" time="0.007"/>
<testcase classname="Booking Tests" name="A booking should contain the properties - name,email,purpose and resources" time="0.002"/>
</testsuite>
