Express server listening on port 3000
<testsuite name="Mocha Tests" tests="7" failures="0" errors="0" skipped="0" timestamp="Fri, 25 Mar 2016 20:46:45 GMT" time="0.021">
<testcase classname="Booking Tests" name="Booking Dummy Test" time="0.001"/>
<testcase classname="Booking Tests" name="A server should create booking and return with newly added booking on /api/booking POST" time="0"/>
<testcase classname="Member Test" name="Member Dummy Test" time="0"/>
<testcase classname="Requestor Test" name="Requestor Dummy Test" time="0"/>
<testcase classname="Room Test" name="Room Dummy Test" time="0"/>
<testcase classname="User Tests" name="User tests - Foo" time="0"/>
<testcase classname="User Tests" name="User tests - Foo" time="0.001"/>
</testsuite>
