Express server listening on port 3000
Looking for room number : 111
false
Can't  find room!!!
Error while saving n booking records: Room 111 not found in the database
<testsuite name="Mocha Tests" tests="1" failures="0" errors="0" skipped="0" timestamp="Tue, 29 Mar 2016 03:01:14 GMT" time="0.06">
<testcase classname="Booking Tests" name="A Booking should be made on api/booking/ POST" time="0.046"/>
</testsuite>
