<testsuite name="Mocha Tests" tests="1" failures="1" errors="1" skipped="-1" timestamp="Sun, 13 Mar 2016 20:07:50 GMT" time="0.032">
<testcase classname="Booking Tests" name="A server should respond with status 200 on /api/booking GET" time="0.026"/>
<testcase classname="Booking Tests" name="&quot;after all&quot; hook" time="0.001"><failure><![CDATA[server.close is not a function
TypeError: server.close is not a function
    at Context.&lt;anonymous&gt; (test/booking.tests.js:17:16)]]></failure></testcase>
</testsuite>
