<testsuite name="Mocha Tests" tests="10" failures="0" errors="0" skipped="0" timestamp="Sat, 19 Mar 2016 00:53:10 GMT" time="0.273">
<testcase classname="Booking Tests" name="Booking Dummy Test" time="0.002"/>
<testcase classname="Booking Tests" name="A server should create booking and return with newly added booking on /api/booking POST" time="0"/>
<testcase classname="Booking Tests" name="A server should respond with status 200 on /api/booking GET" time="0.032"/>
<testcase classname="Booking Tests" name="A server should respond with JSON Object on /api/booking GET" time="0.04"/>
<testcase classname="Booking Tests" name="A booking should contain the properties - _id, startTime, endTime, purpose, status, priority, createDate, room and requestor" time="0.012"/>
<testcase classname="Member Test" name="Member Dummy Test" time="0"/>
<testcase classname="Requestor Test" name="Requestor Dummy Test" time="0"/>
<testcase classname="Room Test" name="Room Dummy Test" time="0"/>
<testcase classname="User Tests" name="User tests - Foo" time="0.001"/>
<testcase classname="User Tests" name="User tests - Foo" time="0"/>
</testsuite>
