<testsuite name="Mocha Tests" tests="4" failures="0" errors="0" skipped="0" timestamp="Tue, 15 Mar 2016 22:21:23 GMT" time="0.04">
<testcase classname="Booking Tests" name="Pass" time="0.001"/>
<testcase classname="Booking Tests" name="A server should respond with status 200 on /api/booking GET" time="0.007"/>
<testcase classname="Booking Tests" name="A server should respond with JSON Object on /api/booking GET" time="0.007"/>
<testcase classname="Booking Tests" name="A booking should contain the properties - name,email,purpose and resources" time="0.002"/>
</testsuite>
