<testsuite name="Mocha Tests" tests="1" failures="0" errors="0" skipped="0" timestamp="Mon, 14 Mar 2016 04:29:34 GMT" time="0.005">
<testcase classname="Booking Tests" name="Pass" time="0"/>
</testsuite>
