Express server listening on port 3000
Looking for room number : 111
<testsuite name="Mocha Tests" tests="1" failures="0" errors="0" skipped="0" timestamp="Sat, 26 Mar 2016 23:08:11 GMT" time="0.055">
<testcase classname="Booking Tests" name="A Booking should be made on api/booking/ POST" time="0.005"/>
</testsuite>
