<testsuite name="Mocha Tests" tests="1" failures="0" errors="0" skipped="0" timestamp="Tue, 15 Mar 2016 22:44:54 GMT" time="0.003">
<testcase classname="Booking Tests" name="Pass" time="0.001"/>
</testsuite>
