<testsuite name="Mocha Tests" tests="2" failures="0" errors="0" skipped="0" timestamp="Wed, 16 Mar 2016 04:21:47 GMT" time="0.032">
<testcase classname="Booking Tests" name="Pass" time="0"/>
<testcase classname="Booking Tests" name="A server should respond with status 200 on /api/booking GET" time="0.006"/>
</testsuite>
